Arguments: 
  /usr/local/bin/node /usr/share/yarn/bin/yarn.js add .git -W

PATH: 
  /workspaces/planner_app_2/bin:/home/student/.fly/bin:/vscode/bin/linux-x64/b58957e67ee1e712cebf466b995adf4c5307b2bd/bin/remote-cli:/workspaces/planner_app_2/bin:/home/student/.fly/bin:/home/student/.rvm/gems/ruby-3.2.1/bin:/home/student/.rvm/gems/ruby-3.2.1@global/bin:/home/student/.rvm/rubies/ruby-3.2.1/bin:/workspaces/.rvm/bin:/usr/local/sbin:/usr/local/bin:/usr/sbin:/usr/bin:/sbin:/bin:/usr/lib/postgresql/12/bin:/home/student/.pg_ctl/bin:/home/student/.rvm/bin:/home/student/.rvm/bin:/home/student/.rvm/bin:/home/student/.rvm/bin

Yarn version: 
  1.22.19

Node version: 
  18.18.2

Platform: 
  linux x64

Trace: 
  Error: https://registry.yarnpkg.com/.git: Not found
      at params.callback [as _callback] (/usr/share/yarn/lib/cli.js:66145:18)
      at self.callback (/usr/share/yarn/lib/cli.js:140890:22)
      at Request.emit (node:events:517:28)
      at Request.<anonymous> (/usr/share/yarn/lib/cli.js:141862:10)
      at Request.emit (node:events:517:28)
      at IncomingMessage.<anonymous> (/usr/share/yarn/lib/cli.js:141784:12)
      at Object.onceWrapper (node:events:631:28)
      at IncomingMessage.emit (node:events:529:35)
      at endReadableNT (node:internal/streams/readable:1368:12)
      at process.processTicksAndRejections (node:internal/process/task_queues:82:21)

npm manifest: 
  {
    "name": "app",
    "private": "true",
    "dependencies": {
      "@hotwired/stimulus": "^3.2.2",
      "@hotwired/turbo-rails": "^8.0.4",
      "esbuild": "^0.21.1",
      "lazy": "^1.0.11",
      "react": "^18.3.1",
      "react-dom": "^18.3.1",
      "signia": "^0.1.5",
      "signia-react": "^0.1.5",
      "tldraw": "^2.1.4",
      "yarn": "^1.22.22"
    },
    "scripts": {
      "build": "esbuild app/javascript/*.* --bundle --sourcemap --format=esm --outdir=app/assets/builds --public-path=/assets --loader:.js=jsx"
    },
    "license": "MIT",
    "workspaces": [
      "/workspaces/planner_app_2",
      "@tldraw/*"
    ],
    "devDependencies": {
      "@prettier/plugin-ruby": "^4.0.4",
      "husky": "^9.0.11",
      "prettier": "^3.2.5"
    }
  }

yarn manifest: 
  No manifest

Lockfile: 
  # THIS IS AN AUTOGENERATED FILE. DO NOT EDIT THIS FILE DIRECTLY.
  # yarn lockfile v1
  
  
  "@babel/runtime@^7.13.10":
    version "7.24.5"
    resolved "https://registry.yarnpkg.com/@babel/runtime/-/runtime-7.24.5.tgz#230946857c053a36ccc66e1dd03b17dd0c4ed02c"
    integrity sha512-Nms86NXrsaeU9vbBJKni6gXiEXZ4CVpYVzEjDH9Sb8vmZ3UljyA1GSOJl/6LGPO8EHLuSF9H+IxNXHPX8QHJ4g==
    dependencies:
      regenerator-runtime "^0.14.0"
  
  "@esbuild/aix-ppc64@0.21.1":
    version "0.21.1"
    resolved "https://registry.yarnpkg.com/@esbuild/aix-ppc64/-/aix-ppc64-0.21.1.tgz#044268dc9ca4dc67f8d4aad8f51cfb894bfd7114"
    integrity sha512-O7yppwipkXvnEPjzkSXJRk2g4bS8sUx9p9oXHq9MU/U7lxUzZVsnFZMDTmeeX9bfQxrFcvOacl/ENgOh0WP9pA==
  
  "@esbuild/android-arm64@0.21.1":
    version "0.21.1"
    resolved "https://registry.yarnpkg.com/@esbuild/android-arm64/-/android-arm64-0.21.1.tgz#76aacd934449e541f05b66d5ec8cbff96ec2ae81"
    integrity sha512-jXhccq6es+onw7x8MxoFnm820mz7sGa9J14kLADclmiEUH4fyj+FjR6t0M93RgtlI/awHWhtF0Wgfhqgf9gDZA==
  
  "@esbuild/android-arm@0.21.1":
    version "0.21.1"
    resolved "https://registry.yarnpkg.com/@esbuild/android-arm/-/android-arm-0.21.1.tgz#8247c5aef933a212bca261290f6e43a9dca07cc5"
    integrity sha512-hh3jKWikdnTtHCglDAeVO3Oyh8MaH8xZUaWMiCCvJ9/c3NtPqZq+CACOlGTxhddypXhl+8B45SeceYBfB/e8Ow==
  
  "@esbuild/android-x64@0.21.1":
    version "0.21.1"
    resolved "https://registry.yarnpkg.com/@esbuild/android-x64/-/android-x64-0.21.1.tgz#80cbfa35412299edefbc4ab78064f0b66e448008"
    integrity sha512-NPObtlBh4jQHE01gJeucqEhdoD/4ya2owSIS8lZYS58aR0x7oZo9lB2lVFxgTANSa5MGCBeoQtr+yA9oKCGPvA==
  
  "@esbuild/darwin-arm64@0.21.1":
    version "0.21.1"
    resolved "https://registry.yarnpkg.com/@esbuild/darwin-arm64/-/darwin-arm64-0.21.1.tgz#154167fb9e54017dac4b343f8e5e25c9d9324036"
    integrity sha512-BLT7TDzqsVlQRmJfO/FirzKlzmDpBWwmCUlyggfzUwg1cAxVxeA4O6b1XkMInlxISdfPAOunV9zXjvh5x99Heg==
  
  "@esbuild/darwin-x64@0.21.1":
    version "0.21.1"
    resolved "https://registry.yarnpkg.com/@esbuild/darwin-x64/-/darwin-x64-0.21.1.tgz#db971502c9fa204906b89e489810c902bf6d9afb"
    integrity sha512-D3h3wBQmeS/vp93O4B+SWsXB8HvRDwMyhTNhBd8yMbh5wN/2pPWRW5o/hM3EKgk9bdKd9594lMGoTCTiglQGRQ==
  
  "@esbuild/freebsd-arm64@0.21.1":
    version "0.21.1"
    resolved "https://registry.yarnpkg.com/@esbuild/freebsd-arm64/-/freebsd-arm64-0.21.1.tgz#f0f3bc20c23af999bd696099a324dceb66d77761"
    integrity sha512-/uVdqqpNKXIxT6TyS/oSK4XE4xWOqp6fh4B5tgAwozkyWdylcX+W4YF2v6SKsL4wCQ5h1bnaSNjWPXG/2hp8AQ==
  
  "@esbuild/freebsd-x64@0.21.1":
    version "0.21.1"
    resolved "https://registry.yarnpkg.com/@esbuild/freebsd-x64/-/freebsd-x64-0.21.1.tgz#d36af9085edb34244b41e5a57640e6b4452cbec2"
    integrity sha512-paAkKN1n1jJitw+dAoR27TdCzxRl1FOEITx3h201R6NoXUojpMzgMLdkXVgCvaCSCqwYkeGLoe9UVNRDKSvQgw==
  
  "@esbuild/linux-arm64@0.21.1":
    version "0.21.1"
    resolved "https://registry.yarnpkg.com/@esbuild/linux-arm64/-/linux-arm64-0.21.1.tgz#9d2ad42eea33b2a9571f13e7ecc39ee9d3ff0c6d"
    integrity sha512-G65d08YoH00TL7Xg4LaL3gLV21bpoAhQ+r31NUu013YB7KK0fyXIt05VbsJtpqh/6wWxoLJZOvQHYnodRrnbUQ==
  
  "@esbuild/linux-arm@0.21.1":
    version "0.21.1"
    resolved "https://registry.yarnpkg.com/@esbuild/linux-arm/-/linux-arm-0.21.1.tgz#d6f7c5873479dd97148bef3e3a7f09d486642883"
    integrity sha512-tRHnxWJnvNnDpNVnsyDhr1DIQZUfCXlHSCDohbXFqmg9W4kKR7g8LmA3kzcwbuxbRMKeit8ladnCabU5f2traA==
  
  "@esbuild/linux-ia32@0.21.1":
    version "0.21.1"
    resolved "https://registry.yarnpkg.com/@esbuild/linux-ia32/-/linux-ia32-0.21.1.tgz#8f2aef34a31c8d16dbce0b8679021f4881f38efe"
    integrity sha512-tt/54LqNNAqCz++QhxoqB9+XqdsaZOtFD/srEhHYwBd3ZUOepmR1Eeot8bS+Q7BiEvy9vvKbtpHf+r6q8hF5UA==
  
  "@esbuild/linux-loong64@0.21.1":
    version "0.21.1"
    resolved "https://registry.yarnpkg.com/@esbuild/linux-loong64/-/linux-loong64-0.21.1.tgz#44461ea2388efbafa6cf12b2bc1407a5388da066"
    integrity sha512-MhNalK6r0nZD0q8VzUBPwheHzXPr9wronqmZrewLfP7ui9Fv1tdPmg6e7A8lmg0ziQCziSDHxh3cyRt4YMhGnQ==
  
  "@esbuild/linux-mips64el@0.21.1":
    version "0.21.1"
    resolved "https://registry.yarnpkg.com/@esbuild/linux-mips64el/-/linux-mips64el-0.21.1.tgz#754d533a4fef4b0790d82bfe1e82d6876f18370e"
    integrity sha512-YCKVY7Zen5rwZV+nZczOhFmHaeIxR4Zn3jcmNH53LbgF6IKRwmrMywqDrg4SiSNApEefkAbPSIzN39FC8VsxPg==
  
  "@esbuild/linux-ppc64@0.21.1":
    version "0.21.1"
    resolved "https://registry.yarnpkg.com/@esbuild/linux-ppc64/-/linux-ppc64-0.21.1.tgz#2aafcfe2826c7d5d2e3c41eb8934e6368a7cada5"
    integrity sha512-bw7bcQ+270IOzDV4mcsKAnDtAFqKO0jVv3IgRSd8iM0ac3L8amvCrujRVt1ajBTJcpDaFhIX+lCNRKteoDSLig==
  
  "@esbuild/linux-riscv64@0.21.1":
    version "0.21.1"
    resolved "https://registry.yarnpkg.com/@esbuild/linux-riscv64/-/linux-riscv64-0.21.1.tgz#481ceaf5939d14fb25da62a385b5e6c2096a3370"
    integrity sha512-ARmDRNkcOGOm1AqUBSwRVDfDeD9hGYRfkudP2QdoonBz1ucWVnfBPfy7H4JPI14eYtZruRSczJxyu7SRYDVOcg==
  
  "@esbuild/linux-s390x@0.21.1":
    version "0.21.1"
    resolved "https://registry.yarnpkg.com/@esbuild/linux-s390x/-/linux-s390x-0.21.1.tgz#e25b97005e4c82540d1bc7af88e333fb55142570"
    integrity sha512-o73TcUNMuoTZlhwFdsgr8SfQtmMV58sbgq6gQq9G1xUiYnHMTmJbwq65RzMx89l0iya69lR4bxBgtWiiOyDQZA==
  
  "@esbuild/linux-x64@0.21.1":
    version "0.21.1"
    resolved "https://registry.yarnpkg.com/@esbuild/linux-x64/-/linux-x64-0.21.1.tgz#a05a61d0a0cbb03baa6db12cd8164c1e5265ffb2"
    integrity sha512-da4/1mBJwwgJkbj4fMH7SOXq2zapgTo0LKXX1VUZ0Dxr+e8N0WbS80nSZ5+zf3lvpf8qxrkZdqkOqFfm57gXwA==
  
  "@esbuild/netbsd-x64@0.21.1":
    version "0.21.1"
    resolved "https://registry.yarnpkg.com/@esbuild/netbsd-x64/-/netbsd-x64-0.21.1.tgz#e298f854e8999563f2e4668bd542678c46be4b53"
    integrity sha512-CPWs0HTFe5woTJN5eKPvgraUoRHrCtzlYIAv9wBC+FAyagBSaf+UdZrjwYyTGnwPGkThV4OCI7XibZOnPvONVw==
  
  "@esbuild/openbsd-x64@0.21.1":
    version "0.21.1"
    resolved "https://registry.yarnpkg.com/@esbuild/openbsd-x64/-/openbsd-x64-0.21.1.tgz#640d34de1e3c6bc3ff64e0379aae00ede3608f14"
    integrity sha512-xxhTm5QtzNLc24R0hEkcH+zCx/o49AsdFZ0Cy5zSd/5tOj4X2g3/2AJB625NoadUuc4A8B3TenLJoYdWYOYCew==
  
  "@esbuild/sunos-x64@0.21.1":
    version "0.21.1"
    resolved "https://registry.yarnpkg.com/@esbuild/sunos-x64/-/sunos-x64-0.21.1.tgz#f53cb1cdcbf05b3320e147ddb85ec2b1cf2b6cfc"
    integrity sha512-CWibXszpWys1pYmbr9UiKAkX6x+Sxw8HWtw1dRESK1dLW5fFJ6rMDVw0o8MbadusvVQx1a8xuOxnHXT941Hp1A==
  
  "@esbuild/win32-arm64@0.21.1":
    version "0.21.1"
    resolved "https://registry.yarnpkg.com/@esbuild/win32-arm64/-/win32-arm64-0.21.1.tgz#df4f44f9b4fec9598c0ec2c34fec9c568c8ab85d"
    integrity sha512-jb5B4k+xkytGbGUS4T+Z89cQJ9DJ4lozGRSV+hhfmCPpfJ3880O31Q1srPCimm+V6UCbnigqD10EgDNgjvjerQ==
  
  "@esbuild/win32-ia32@0.21.1":
    version "0.21.1"
    resolved "https://registry.yarnpkg.com/@esbuild/win32-ia32/-/win32-ia32-0.21.1.tgz#a57edbd9905db9f957327ae0facfbf406a80a4e4"
    integrity sha512-PgyFvjJhXqHn1uxPhyN1wZ6dIomKjiLUQh1LjFvjiV1JmnkZ/oMPrfeEAZg5R/1ftz4LZWZr02kefNIQ5SKREQ==
  
  "@esbuild/win32-x64@0.21.1":
    version "0.21.1"
    resolved "https://registry.yarnpkg.com/@esbuild/win32-x64/-/win32-x64-0.21.1.tgz#eb86553d90e86a8c174b96650fdb4c60f2de16a7"
    integrity sha512-W9NttRZQR5ehAiqHGDnvfDaGmQOm6Fi4vSlce8mjM75x//XKuVAByohlEX6N17yZnVXxQFuh4fDRunP8ca6bfA==
  
  "@floating-ui/core@^1.0.0":
    version "1.6.1"
    resolved "https://registry.yarnpkg.com/@floating-ui/core/-/core-1.6.1.tgz#a4e6fef1b069cda533cbc7a4998c083a37f37573"
    integrity sha512-42UH54oPZHPdRHdw6BgoBD6cg/eVTmVrFcgeRDM3jbO7uxSoipVcmcIGFcA5jmOHO5apcyvBhkSKES3fQJnu7A==
    dependencies:
      "@floating-ui/utils" "^0.2.0"
  
  "@floating-ui/dom@^1.0.0":
    version "1.6.5"
    resolved "https://registry.yarnpkg.com/@floating-ui/dom/-/dom-1.6.5.tgz#323f065c003f1d3ecf0ff16d2c2c4d38979f4cb9"
    integrity sha512-Nsdud2X65Dz+1RHjAIP0t8z5e2ff/IRbei6BqFrl1urT8sDVzM1HMQ+R0XcU5ceRfyO3I6ayeqIfh+6Wb8LGTw==
    dependencies:
      "@floating-ui/core" "^1.0.0"
      "@floating-ui/utils" "^0.2.0"
  
  "@floating-ui/react-dom@^2.0.0":
    version "2.0.9"
    resolved "https://registry.yarnpkg.com/@floating-ui/react-dom/-/react-dom-2.0.9.tgz#264ba8b061000baa132b5910f0427a6acf7ad7ce"
    integrity sha512-q0umO0+LQK4+p6aGyvzASqKbKOJcAHJ7ycE9CuUvfx3s9zTHWmGJTPOIlM/hmSBfUfg/XfY5YhLBLR/LHwShQQ==
    dependencies:
      "@floating-ui/dom" "^1.0.0"
  
  "@floating-ui/utils@^0.2.0":
    version "0.2.2"
    resolved "https://registry.yarnpkg.com/@floating-ui/utils/-/utils-0.2.2.tgz#d8bae93ac8b815b2bd7a98078cf91e2724ef11e5"
    integrity sha512-J4yDIIthosAsRZ5CPYP/jQvUAQtlZTTD/4suA08/FEnlxqW3sKS9iAhgsa9VYLZ6vDHn/ixJgIqRQPotoBjxIw==
  
  "@hotwired/stimulus@^3.2.2":
    version "3.2.2"
    resolved "https://registry.yarnpkg.com/@hotwired/stimulus/-/stimulus-3.2.2.tgz#071aab59c600fed95b97939e605ff261a4251608"
    integrity sha512-eGeIqNOQpXoPAIP7tC1+1Yc1yl1xnwYqg+3mzqxyrbE5pg5YFBZcA6YoTiByJB6DKAEsiWtl6tjTJS4IYtbB7A==
  
  "@hotwired/turbo-rails@^8.0.4":
    version "8.0.4"
    resolved "https://registry.yarnpkg.com/@hotwired/turbo-rails/-/turbo-rails-8.0.4.tgz#d224f524a9e33fe687cec5d706054eb6fe13fa5b"
    integrity sha512-GHCv5+B2VzYZZvMFpg/g9JLx/8pl/8chcubSB7T+Xn1zYOMqAKB6cT80vvWUzxdwfm/2KfaRysfDz+BmvtjFaw==
    dependencies:
      "@hotwired/turbo" "^8.0.4"
      "@rails/actioncable" "^7.0"
  
  "@hotwired/turbo@^8.0.4":
    version "8.0.4"
    resolved "https://registry.yarnpkg.com/@hotwired/turbo/-/turbo-8.0.4.tgz#5c5361c06a37cdf10dcba4223f1afd0ca1c75091"
    integrity sha512-mlZEFUZrJnpfj+g/XeCWWuokvQyN68WvM78JM+0jfSFc98wegm259vCbC1zSllcspRwbgXK31ibehCy5PA78/Q==
  
  "@prettier/plugin-ruby@^4.0.4":
    version "4.0.4"
    resolved "https://registry.yarnpkg.com/@prettier/plugin-ruby/-/plugin-ruby-4.0.4.tgz#73d85fc2a1731a3f62b57ac3116cf1c234027cb6"
    integrity sha512-lCpvfS/dQU5WrwN3AQ5vR8qrvj2h5gE41X08NNzAAXvHdM4zwwGRcP2sHSxfu6n6No+ljWCVx95NvJPFTTjCTg==
  
  "@radix-ui/number@1.0.1":
    version "1.0.1"
    resolved "https://registry.yarnpkg.com/@radix-ui/number/-/number-1.0.1.tgz#644161a3557f46ed38a042acf4a770e826021674"
    integrity sha512-T5gIdVO2mmPW3NNhjNgEP3cqMXjXL9UbO0BzWcXfvdBs+BohbQxvd/K5hSVKmn9/lbTdsQVKbUcP5WLCwvUbBg==
    dependencies:
      "@babel/runtime" "^7.13.10"
  
  "@radix-ui/primitive@1.0.1":
    version "1.0.1"
    resolved "https://registry.yarnpkg.com/@radix-ui/primitive/-/primitive-1.0.1.tgz#e46f9958b35d10e9f6dc71c497305c22e3e55dbd"
    integrity sha512-yQ8oGX2GVsEYMWGxcovu1uGWPCxV5BFfeeYxqPmuAzUyLT9qmaMXSAhXpb0WrspIeqYzdJpkh2vHModJPgRIaw==
    dependencies:
      "@babel/runtime" "^7.13.10"
  
  "@radix-ui/react-alert-dialog@^1.0.5":
    version "1.0.5"
    resolved "https://registry.yarnpkg.com/@radix-ui/react-alert-dialog/-/react-alert-dialog-1.0.5.tgz#70dd529cbf1e4bff386814d3776901fcaa131b8c"
    integrity sha512-OrVIOcZL0tl6xibeuGt5/+UxoT2N27KCFOPjFyfXMnchxSHZ/OW7cCX2nGlIYJrbHK/fczPcFzAwvNBB6XBNMA==
    dependencies:
      "@babel/runtime" "^7.13.10"
      "@radix-ui/primitive" "1.0.1"
      "@radix-ui/react-compose-refs" "1.0.1"
      "@radix-ui/react-context" "1.0.1"
      "@radix-ui/react-dialog" "1.0.5"
      "@radix-ui/react-primitive" "1.0.3"
      "@radix-ui/react-slot" "1.0.2"
  
  "@radix-ui/react-arrow@1.0.3":
    version "1.0.3"
    resolved "https://registry.yarnpkg.com/@radix-ui/react-arrow/-/react-arrow-1.0.3.tgz#c24f7968996ed934d57fe6cde5d6ec7266e1d25d"
    integrity sha512-wSP+pHsB/jQRaL6voubsQ/ZlrGBHHrOjmBnr19hxYgtS0WvAFwZhK2WP/YY5yF9uKECCEEDGxuLxq1NBK51wFA==
    dependencies:
      "@babel/runtime" "^7.13.10"
      "@radix-ui/react-primitive" "1.0.3"
  
  "@radix-ui/react-collection@1.0.3":
    version "1.0.3"
    resolved "https://registry.yarnpkg.com/@radix-ui/react-collection/-/react-collection-1.0.3.tgz#9595a66e09026187524a36c6e7e9c7d286469159"
    integrity sha512-3SzW+0PW7yBBoQlT8wNcGtaxaD0XSu0uLUFgrtHY08Acx05TaHaOmVLR73c0j/cqpDy53KBMO7s0dx2wmOIDIA==
    dependencies:
      "@babel/runtime" "^7.13.10"
      "@radix-ui/react-compose-refs" "1.0.1"
      "@radix-ui/react-context" "1.0.1"
      "@radix-ui/react-primitive" "1.0.3"
      "@radix-ui/react-slot" "1.0.2"
  
  "@radix-ui/react-compose-refs@1.0.1":
    version "1.0.1"
    resolved "https://registry.yarnpkg.com/@radix-ui/react-compose-refs/-/react-compose-refs-1.0.1.tgz#7ed868b66946aa6030e580b1ffca386dd4d21989"
    integrity sha512-fDSBgd44FKHa1FRMU59qBMPFcl2PZE+2nmqunj+BWFyYYjnhIDWL2ItDs3rrbJDQOtzt5nIebLCQc4QRfz6LJw==
    dependencies:
      "@babel/runtime" "^7.13.10"
  
  "@radix-ui/react-context-menu@^2.1.5":
    version "2.1.5"
    resolved "https://registry.yarnpkg.com/@radix-ui/react-context-menu/-/react-context-menu-2.1.5.tgz#1bdbd72761439f9166f75dc4598f276265785c83"
    integrity sha512-R5XaDj06Xul1KGb+WP8qiOh7tKJNz2durpLBXAGZjSVtctcRFCuEvy2gtMwRJGePwQQE5nV77gs4FwRi8T+r2g==
    dependencies:
      "@babel/runtime" "^7.13.10"
      "@radix-ui/primitive" "1.0.1"
      "@radix-ui/react-context" "1.0.1"
      "@radix-ui/react-menu" "2.0.6"
      "@radix-ui/react-primitive" "1.0.3"
      "@radix-ui/react-use-callback-ref" "1.0.1"
      "@radix-ui/react-use-controllable-state" "1.0.1"
  
  "@radix-ui/react-context@1.0.1":
    version "1.0.1"
    resolved "https://registry.yarnpkg.com/@radix-ui/react-context/-/react-context-1.0.1.tgz#fe46e67c96b240de59187dcb7a1a50ce3e2ec00c"
    integrity sha512-ebbrdFoYTcuZ0v4wG5tedGnp9tzcV8awzsxYph7gXUyvnNLuTIcCk1q17JEbnVhXAKG9oX3KtchwiMIAYp9NLg==
    dependencies:
      "@babel/runtime" "^7.13.10"
  
  "@radix-ui/react-dialog@1.0.5", "@radix-ui/react-dialog@^1.0.5":
    version "1.0.5"
    resolved "https://registry.yarnpkg.com/@radix-ui/react-dialog/-/react-dialog-1.0.5.tgz#71657b1b116de6c7a0b03242d7d43e01062c7300"
    integrity sha512-GjWJX/AUpB703eEBanuBnIWdIXg6NvJFCXcNlSZk4xdszCdhrJgBoUd1cGk67vFO+WdA2pfI/plOpqz/5GUP6Q==
    dependencies:
      "@babel/runtime" "^7.13.10"
      "@radix-ui/primitive" "1.0.1"
      "@radix-ui/react-compose-refs" "1.0.1"
      "@radix-ui/react-context" "1.0.1"
      "@radix-ui/react-dismissable-layer" "1.0.5"
      "@radix-ui/react-focus-guards" "1.0.1"
      "@radix-ui/react-focus-scope" "1.0.4"
      "@radix-ui/react-id" "1.0.1"
      "@radix-ui/react-portal" "1.0.4"
      "@radix-ui/react-presence" "1.0.1"
      "@radix-ui/react-primitive" "1.0.3"
      "@radix-ui/react-slot" "1.0.2"
      "@radix-ui/react-use-controllable-state" "1.0.1"
      aria-hidden "^1.1.1"
      react-remove-scroll "2.5.5"
  
  "@radix-ui/react-direction@1.0.1":
    version "1.0.1"
    resolved "https://registry.yarnpkg.com/@radix-ui/react-direction/-/react-direction-1.0.1.tgz#9cb61bf2ccf568f3421422d182637b7f47596c9b"
    integrity sha512-RXcvnXgyvYvBEOhCBuddKecVkoMiI10Jcm5cTI7abJRAHYfFxeu+FBQs/DvdxSYucxR5mna0dNsL6QFlds5TMA==
    dependencies:
      "@babel/runtime" "^7.13.10"
  
  "@radix-ui/react-dismissable-layer@1.0.4":
    version "1.0.4"
    resolved "https://registry.yarnpkg.com/@radix-ui/react-dismissable-layer/-/react-dismissable-layer-1.0.4.tgz#883a48f5f938fa679427aa17fcba70c5494c6978"
    integrity sha512-7UpBa/RKMoHJYjie1gkF1DlK8l1fdU/VKDpoS3rCCo8YBJR294GwcEHyxHw72yvphJ7ld0AXEcSLAzY2F/WyCg==
    dependencies:
      "@babel/runtime" "^7.13.10"
      "@radix-ui/primitive" "1.0.1"
      "@radix-ui/react-compose-refs" "1.0.1"
      "@radix-ui/react-primitive" "1.0.3"
      "@radix-ui/react-use-callback-ref" "1.0.1"
      "@radix-ui/react-use-escape-keydown" "1.0.3"
  
  "@radix-ui/react-dismissable-layer@1.0.5":
    version "1.0.5"
    resolved "https://registry.yarnpkg.com/@radix-ui/react-dismissable-layer/-/react-dismissable-layer-1.0.5.tgz#3f98425b82b9068dfbab5db5fff3df6ebf48b9d4"
    integrity sha512-aJeDjQhywg9LBu2t/At58hCvr7pEm0o2Ke1x33B+MhjNmmZ17sy4KImo0KPLgsnc/zN7GPdce8Cnn0SWvwZO7g==
    dependencies:
      "@babel/runtime" "^7.13.10"
      "@radix-ui/primitive" "1.0.1"
      "@radix-ui/react-compose-refs" "1.0.1"
      "@radix-ui/react-primitive" "1.0.3"
      "@radix-ui/react-use-callback-ref" "1.0.1"
      "@radix-ui/react-use-escape-keydown" "1.0.3"
  
  "@radix-ui/react-dropdown-menu@^2.0.6":
    version "2.0.6"
    resolved "https://registry.yarnpkg.com/@radix-ui/react-dropdown-menu/-/react-dropdown-menu-2.0.6.tgz#cdf13c956c5e263afe4e5f3587b3071a25755b63"
    integrity sha512-i6TuFOoWmLWq+M/eCLGd/bQ2HfAX1RJgvrBQ6AQLmzfvsLdefxbWu8G9zczcPFfcSPehz9GcpF6K9QYreFV8hA==
    dependencies:
      "@babel/runtime" "^7.13.10"
      "@radix-ui/primitive" "1.0.1"
      "@radix-ui/react-compose-refs" "1.0.1"
      "@radix-ui/react-context" "1.0.1"
      "@radix-ui/react-id" "1.0.1"
      "@radix-ui/react-menu" "2.0.6"
      "@radix-ui/react-primitive" "1.0.3"
      "@radix-ui/react-use-controllable-state" "1.0.1"
  
  "@radix-ui/react-focus-guards@1.0.1":
    version "1.0.1"
    resolved "https://registry.yarnpkg.com/@radix-ui/react-focus-guards/-/react-focus-guards-1.0.1.tgz#1ea7e32092216b946397866199d892f71f7f98ad"
    integrity sha512-Rect2dWbQ8waGzhMavsIbmSVCgYxkXLxxR3ZvCX79JOglzdEy4JXMb98lq4hPxUbLr77nP0UOGf4rcMU+s1pUA==
    dependencies:
      "@babel/runtime" "^7.13.10"
  
  "@radix-ui/react-focus-scope@1.0.3":
    version "1.0.3"
    resolved "https://registry.yarnpkg.com/@radix-ui/react-focus-scope/-/react-focus-scope-1.0.3.tgz#9c2e8d4ed1189a1d419ee61edd5c1828726472f9"
    integrity sha512-upXdPfqI4islj2CslyfUBNlaJCPybbqRHAi1KER7Isel9Q2AtSJ0zRBZv8mWQiFXD2nyAJ4BhC3yXgZ6kMBSrQ==
    dependencies:
      "@babel/runtime" "^7.13.10"
      "@radix-ui/react-compose-refs" "1.0.1"
      "@radix-ui/react-primitive" "1.0.3"
      "@radix-ui/react-use-callback-ref" "1.0.1"
  
  "@radix-ui/react-focus-scope@1.0.4":
    version "1.0.4"
    resolved "https://registry.yarnpkg.com/@radix-ui/react-focus-scope/-/react-focus-scope-1.0.4.tgz#2ac45fce8c5bb33eb18419cdc1905ef4f1906525"
    integrity sha512-sL04Mgvf+FmyvZeYfNu1EPAaaxD+aw7cYeIB9L9Fvq8+urhltTRaEo5ysKOpHuKPclsZcSUMKlN05x4u+CINpA==
    dependencies:
      "@babel/runtime" "^7.13.10"
      "@radix-ui/react-compose-refs" "1.0.1"
      "@radix-ui/react-primitive" "1.0.3"
      "@radix-ui/react-use-callback-ref" "1.0.1"
  
  "@radix-ui/react-id@1.0.1":
    version "1.0.1"
    resolved "https://registry.yarnpkg.com/@radix-ui/react-id/-/react-id-1.0.1.tgz#73cdc181f650e4df24f0b6a5b7aa426b912c88c0"
    integrity sha512-tI7sT/kqYp8p96yGWY1OAnLHrqDgzHefRBKQ2YAkBS5ja7QLcZ9Z/uY7bEjPUatf8RomoXM8/1sMj1IJaE5UzQ==
    dependencies:
      "@babel/runtime" "^7.13.10"
      "@radix-ui/react-use-layout-effect" "1.0.1"
  
  "@radix-ui/react-menu@2.0.6":
    version "2.0.6"
    resolved "https://registry.yarnpkg.com/@radix-ui/react-menu/-/react-menu-2.0.6.tgz#2c9e093c1a5d5daa87304b2a2f884e32288ae79e"
    integrity sha512-BVkFLS+bUC8HcImkRKPSiVumA1VPOOEC5WBMiT+QAVsPzW1FJzI9KnqgGxVDPBcql5xXrHkD3JOVoXWEXD8SYA==
    dependencies:
      "@babel/runtime" "^7.13.10"
      "@radix-ui/primitive" "1.0.1"
      "@radix-ui/react-collection" "1.0.3"
      "@radix-ui/react-compose-refs" "1.0.1"
      "@radix-ui/react-context" "1.0.1"
      "@radix-ui/react-direction" "1.0.1"
      "@radix-ui/react-dismissable-layer" "1.0.5"
      "@radix-ui/react-focus-guards" "1.0.1"
      "@radix-ui/react-focus-scope" "1.0.4"
      "@radix-ui/react-id" "1.0.1"
      "@radix-ui/react-popper" "1.1.3"
      "@radix-ui/react-portal" "1.0.4"
      "@radix-ui/react-presence" "1.0.1"
      "@radix-ui/react-primitive" "1.0.3"
      "@radix-ui/react-roving-focus" "1.0.4"
      "@radix-ui/react-slot" "1.0.2"
      "@radix-ui/react-use-callback-ref" "1.0.1"
      aria-hidden "^1.1.1"
      react-remove-scroll "2.5.5"
  
  "@radix-ui/react-popover@^1.0.7":
    version "1.0.7"
    resolved "https://registry.yarnpkg.com/@radix-ui/react-popover/-/react-popover-1.0.7.tgz#23eb7e3327330cb75ec7b4092d685398c1654e3c"
    integrity sha512-shtvVnlsxT6faMnK/a7n0wptwBD23xc1Z5mdrtKLwVEfsEMXodS0r5s0/g5P0hX//EKYZS2sxUjqfzlg52ZSnQ==
    dependencies:
      "@babel/runtime" "^7.13.10"
      "@radix-ui/primitive" "1.0.1"
      "@radix-ui/react-compose-refs" "1.0.1"
      "@radix-ui/react-context" "1.0.1"
      "@radix-ui/react-dismissable-layer" "1.0.5"
      "@radix-ui/react-focus-guards" "1.0.1"
      "@radix-ui/react-focus-scope" "1.0.4"
      "@radix-ui/react-id" "1.0.1"
      "@radix-ui/react-popper" "1.1.3"
      "@radix-ui/react-portal" "1.0.4"
      "@radix-ui/react-presence" "1.0.1"
      "@radix-ui/react-primitive" "1.0.3"
      "@radix-ui/react-slot" "1.0.2"
      "@radix-ui/react-use-controllable-state" "1.0.1"
      aria-hidden "^1.1.1"
      react-remove-scroll "2.5.5"
  
  "@radix-ui/react-popper@1.1.2":
    version "1.1.2"
    resolved "https://registry.yarnpkg.com/@radix-ui/react-popper/-/react-popper-1.1.2.tgz#4c0b96fcd188dc1f334e02dba2d538973ad842e9"
    integrity sha512-1CnGGfFi/bbqtJZZ0P/NQY20xdG3E0LALJaLUEoKwPLwl6PPPfbeiCqMVQnhoFRAxjJj4RpBRJzDmUgsex2tSg==
    dependencies:
      "@babel/runtime" "^7.13.10"
      "@floating-ui/react-dom" "^2.0.0"
      "@radix-ui/react-arrow" "1.0.3"
      "@radix-ui/react-compose-refs" "1.0.1"
      "@radix-ui/react-context" "1.0.1"
      "@radix-ui/react-primitive" "1.0.3"
      "@radix-ui/react-use-callback-ref" "1.0.1"
      "@radix-ui/react-use-layout-effect" "1.0.1"
      "@radix-ui/react-use-rect" "1.0.1"
      "@radix-ui/react-use-size" "1.0.1"
      "@radix-ui/rect" "1.0.1"
  
  "@radix-ui/react-popper@1.1.3":
    version "1.1.3"
    resolved "https://registry.yarnpkg.com/@radix-ui/react-popper/-/react-popper-1.1.3.tgz#24c03f527e7ac348fabf18c89795d85d21b00b42"
    integrity sha512-cKpopj/5RHZWjrbF2846jBNacjQVwkP068DfmgrNJXpvVWrOvlAmE9xSiy5OqeE+Gi8D9fP+oDhUnPqNMY8/5w==
    dependencies:
      "@babel/runtime" "^7.13.10"
      "@floating-ui/react-dom" "^2.0.0"
      "@radix-ui/react-arrow" "1.0.3"
      "@radix-ui/react-compose-refs" "1.0.1"
      "@radix-ui/react-context" "1.0.1"
      "@radix-ui/react-primitive" "1.0.3"
      "@radix-ui/react-use-callback-ref" "1.0.1"
      "@radix-ui/react-use-layout-effect" "1.0.1"
      "@radix-ui/react-use-rect" "1.0.1"
      "@radix-ui/react-use-size" "1.0.1"
      "@radix-ui/rect" "1.0.1"
  
  "@radix-ui/react-portal@1.0.3":
    version "1.0.3"
    resolved "https://registry.yarnpkg.com/@radix-ui/react-portal/-/react-portal-1.0.3.tgz#ffb961244c8ed1b46f039e6c215a6c4d9989bda1"
    integrity sha512-xLYZeHrWoPmA5mEKEfZZevoVRK/Q43GfzRXkWV6qawIWWK8t6ifIiLQdd7rmQ4Vk1bmI21XhqF9BN3jWf+phpA==
    dependencies:
      "@babel/runtime" "^7.13.10"
      "@radix-ui/react-primitive" "1.0.3"
  
  "@radix-ui/react-portal@1.0.4":
    version "1.0.4"
    resolved "https://registry.yarnpkg.com/@radix-ui/react-portal/-/react-portal-1.0.4.tgz#df4bfd353db3b1e84e639e9c63a5f2565fb00e15"
    integrity sha512-Qki+C/EuGUVCQTOTD5vzJzJuMUlewbzuKyUy+/iHM2uwGiru9gZeBJtHAPKAEkB5KWGi9mP/CHKcY0wt1aW45Q==
    dependencies:
      "@babel/runtime" "^7.13.10"
      "@radix-ui/react-primitive" "1.0.3"
  
  "@radix-ui/react-presence@1.0.1":
    version "1.0.1"
    resolved "https://registry.yarnpkg.com/@radix-ui/react-presence/-/react-presence-1.0.1.tgz#491990ba913b8e2a5db1b06b203cb24b5cdef9ba"
    integrity sha512-UXLW4UAbIY5ZjcvzjfRFo5gxva8QirC9hF7wRE4U5gz+TP0DbRk+//qyuAQ1McDxBt1xNMBTaciFGvEmJvAZCg==
    dependencies:
      "@babel/runtime" "^7.13.10"
      "@radix-ui/react-compose-refs" "1.0.1"
      "@radix-ui/react-use-layout-effect" "1.0.1"
  
  "@radix-ui/react-primitive@1.0.3":
    version "1.0.3"
    resolved "https://registry.yarnpkg.com/@radix-ui/react-primitive/-/react-primitive-1.0.3.tgz#d49ea0f3f0b2fe3ab1cb5667eb03e8b843b914d0"
    integrity sha512-yi58uVyoAcK/Nq1inRY56ZSjKypBNKTa/1mcL8qdl6oJeEaDbOldlzrGn7P6Q3Id5d+SYNGc5AJgc4vGhjs5+g==
    dependencies:
      "@babel/runtime" "^7.13.10"
      "@radix-ui/react-slot" "1.0.2"
  
  "@radix-ui/react-roving-focus@1.0.4":
    version "1.0.4"
    resolved "https://registry.yarnpkg.com/@radix-ui/react-roving-focus/-/react-roving-focus-1.0.4.tgz#e90c4a6a5f6ac09d3b8c1f5b5e81aab2f0db1974"
    integrity sha512-2mUg5Mgcu001VkGy+FfzZyzbmuUWzgWkj3rvv4yu+mLw03+mTzbxZHvfcGyFp2b8EkQeMkpRQ5FiA2Vr2O6TeQ==
    dependencies:
      "@babel/runtime" "^7.13.10"
      "@radix-ui/primitive" "1.0.1"
      "@radix-ui/react-collection" "1.0.3"
      "@radix-ui/react-compose-refs" "1.0.1"
      "@radix-ui/react-context" "1.0.1"
      "@radix-ui/react-direction" "1.0.1"
      "@radix-ui/react-id" "1.0.1"
      "@radix-ui/react-primitive" "1.0.3"
      "@radix-ui/react-use-callback-ref" "1.0.1"
      "@radix-ui/react-use-controllable-state" "1.0.1"
  
  "@radix-ui/react-select@^1.2.0":
    version "1.2.2"
    resolved "https://registry.yarnpkg.com/@radix-ui/react-select/-/react-select-1.2.2.tgz#caa981fa0d672cf3c1b2a5240135524e69b32181"
    integrity sha512-zI7McXr8fNaSrUY9mZe4x/HC0jTLY9fWNhO1oLWYMQGDXuV4UCivIGTxwioSzO0ZCYX9iSLyWmAh/1TOmX3Cnw==
    dependencies:
      "@babel/runtime" "^7.13.10"
      "@radix-ui/number" "1.0.1"
      "@radix-ui/primitive" "1.0.1"
      "@radix-ui/react-collection" "1.0.3"
      "@radix-ui/react-compose-refs" "1.0.1"
      "@radix-ui/react-context" "1.0.1"
      "@radix-ui/react-direction" "1.0.1"
      "@radix-ui/react-dismissable-layer" "1.0.4"
      "@radix-ui/react-focus-guards" "1.0.1"
      "@radix-ui/react-focus-scope" "1.0.3"
      "@radix-ui/react-id" "1.0.1"
      "@radix-ui/react-popper" "1.1.2"
      "@radix-ui/react-portal" "1.0.3"
      "@radix-ui/react-primitive" "1.0.3"
      "@radix-ui/react-slot" "1.0.2"
      "@radix-ui/react-use-callback-ref" "1.0.1"
      "@radix-ui/react-use-controllable-state" "1.0.1"
      "@radix-ui/react-use-layout-effect" "1.0.1"
      "@radix-ui/react-use-previous" "1.0.1"
      "@radix-ui/react-visually-hidden" "1.0.3"
      aria-hidden "^1.1.1"
      react-remove-scroll "2.5.5"
  
  "@radix-ui/react-slider@^1.1.0":
    version "1.1.2"
    resolved "https://registry.yarnpkg.com/@radix-ui/react-slider/-/react-slider-1.1.2.tgz#330ff2a0e1f6c19aace76590004f229a7e8fbe6c"
    integrity sha512-NKs15MJylfzVsCagVSWKhGGLNR1W9qWs+HtgbmjjVUB3B9+lb3PYoXxVju3kOrpf0VKyVCtZp+iTwVoqpa1Chw==
    dependencies:
      "@babel/runtime" "^7.13.10"
      "@radix-ui/number" "1.0.1"
      "@radix-ui/primitive" "1.0.1"
      "@radix-ui/react-collection" "1.0.3"
      "@radix-ui/react-compose-refs" "1.0.1"
      "@radix-ui/react-context" "1.0.1"
      "@radix-ui/react-direction" "1.0.1"
      "@radix-ui/react-primitive" "1.0.3"
      "@radix-ui/react-use-controllable-state" "1.0.1"
      "@radix-ui/react-use-layout-effect" "1.0.1"
      "@radix-ui/react-use-previous" "1.0.1"
      "@radix-ui/react-use-size" "1.0.1"
  
  "@radix-ui/react-slot@1.0.2":
    version "1.0.2"
    resolved "https://registry.yarnpkg.com/@radix-ui/react-slot/-/react-slot-1.0.2.tgz#a9ff4423eade67f501ffb32ec22064bc9d3099ab"
    integrity sha512-YeTpuq4deV+6DusvVUW4ivBgnkHwECUu0BiN43L5UCDFgdhsRUWAghhTF5MbvNTPzmiFOx90asDSUjWuCNapwg==
    dependencies:
      "@babel/runtime" "^7.13.10"
      "@radix-ui/react-compose-refs" "1.0.1"
  
  "@radix-ui/react-toast@^1.1.1":
    version "1.1.5"
    resolved "https://registry.yarnpkg.com/@radix-ui/react-toast/-/react-toast-1.1.5.tgz#f5788761c0142a5ae9eb97f0051fd3c48106d9e6"
    integrity sha512-fRLn227WHIBRSzuRzGJ8W+5YALxofH23y0MlPLddaIpLpCDqdE0NZlS2NRQDRiptfxDeeCjgFIpexB1/zkxDlw==
    dependencies:
      "@babel/runtime" "^7.13.10"
      "@radix-ui/primitive" "1.0.1"
      "@radix-ui/react-collection" "1.0.3"
      "@radix-ui/react-compose-refs" "1.0.1"
      "@radix-ui/react-context" "1.0.1"
      "@radix-ui/react-dismissable-layer" "1.0.5"
      "@radix-ui/react-portal" "1.0.4"
      "@radix-ui/react-presence" "1.0.1"
      "@radix-ui/react-primitive" "1.0.3"
      "@radix-ui/react-use-callback-ref" "1.0.1"
      "@radix-ui/react-use-controllable-state" "1.0.1"
      "@radix-ui/react-use-layout-effect" "1.0.1"
      "@radix-ui/react-visually-hidden" "1.0.3"
  
  "@radix-ui/react-use-callback-ref@1.0.1":
    version "1.0.1"
    resolved "https://registry.yarnpkg.com/@radix-ui/react-use-callback-ref/-/react-use-callback-ref-1.0.1.tgz#f4bb1f27f2023c984e6534317ebc411fc181107a"
    integrity sha512-D94LjX4Sp0xJFVaoQOd3OO9k7tpBYNOXdVhkltUbGv2Qb9OXdrg/CpsjlZv7ia14Sylv398LswWBVVu5nqKzAQ==
    dependencies:
      "@babel/runtime" "^7.13.10"
  
  "@radix-ui/react-use-controllable-state@1.0.1":
    version "1.0.1"
    resolved "https://registry.yarnpkg.com/@radix-ui/react-use-controllable-state/-/react-use-controllable-state-1.0.1.tgz#ecd2ced34e6330caf89a82854aa2f77e07440286"
    integrity sha512-Svl5GY5FQeN758fWKrjM6Qb7asvXeiZltlT4U2gVfl8Gx5UAv2sMR0LWo8yhsIZh2oQ0eFdZ59aoOOMV7b47VA==
    dependencies:
      "@babel/runtime" "^7.13.10"
      "@radix-ui/react-use-callback-ref" "1.0.1"
  
  "@radix-ui/react-use-escape-keydown@1.0.3":
    version "1.0.3"
    resolved "https://registry.yarnpkg.com/@radix-ui/react-use-escape-keydown/-/react-use-escape-keydown-1.0.3.tgz#217b840c250541609c66f67ed7bab2b733620755"
    integrity sha512-vyL82j40hcFicA+M4Ex7hVkB9vHgSse1ZWomAqV2Je3RleKGO5iM8KMOEtfoSB0PnIelMd2lATjTGMYqN5ylTg==
    dependencies:
      "@babel/runtime" "^7.13.10"
      "@radix-ui/react-use-callback-ref" "1.0.1"
  
  "@radix-ui/react-use-layout-effect@1.0.1":
    version "1.0.1"
    resolved "https://registry.yarnpkg.com/@radix-ui/react-use-layout-effect/-/react-use-layout-effect-1.0.1.tgz#be8c7bc809b0c8934acf6657b577daf948a75399"
    integrity sha512-v/5RegiJWYdoCvMnITBkNNx6bCj20fiaJnWtRkU18yITptraXjffz5Qbn05uOiQnOvi+dbkznkoaMltz1GnszQ==
    dependencies:
      "@babel/runtime" "^7.13.10"
  
  "@radix-ui/react-use-previous@1.0.1":
    version "1.0.1"
    resolved "https://registry.yarnpkg.com/@radix-ui/react-use-previous/-/react-use-previous-1.0.1.tgz#b595c087b07317a4f143696c6a01de43b0d0ec66"
    integrity sha512-cV5La9DPwiQ7S0gf/0qiD6YgNqM5Fk97Kdrlc5yBcrF3jyEZQwm7vYFqMo4IfeHgJXsRaMvLABFtd0OVEmZhDw==
    dependencies:
      "@babel/runtime" "^7.13.10"
  
  "@radix-ui/react-use-rect@1.0.1":
    version "1.0.1"
    resolved "https://registry.yarnpkg.com/@radix-ui/react-use-rect/-/react-use-rect-1.0.1.tgz#fde50b3bb9fd08f4a1cd204572e5943c244fcec2"
    integrity sha512-Cq5DLuSiuYVKNU8orzJMbl15TXilTnJKUCltMVQg53BQOF1/C5toAaGrowkgksdBQ9H+SRL23g0HDmg9tvmxXw==
    dependencies:
      "@babel/runtime" "^7.13.10"
      "@radix-ui/rect" "1.0.1"
  
  "@radix-ui/react-use-size@1.0.1":
    version "1.0.1"
    resolved "https://registry.yarnpkg.com/@radix-ui/react-use-size/-/react-use-size-1.0.1.tgz#1c5f5fea940a7d7ade77694bb98116fb49f870b2"
    integrity sha512-ibay+VqrgcaI6veAojjofPATwledXiSmX+C0KrBk/xgpX9rBzPV3OsfwlhQdUOFbh+LKQorLYT+xTXW9V8yd0g==
    dependencies:
      "@babel/runtime" "^7.13.10"
      "@radix-ui/react-use-layout-effect" "1.0.1"
  
  "@radix-ui/react-visually-hidden@1.0.3":
    version "1.0.3"
    resolved "https://registry.yarnpkg.com/@radix-ui/react-visually-hidden/-/react-visually-hidden-1.0.3.tgz#51aed9dd0fe5abcad7dee2a234ad36106a6984ac"
    integrity sha512-D4w41yN5YRKtu464TLnByKzMDG/JlMPHtfZgQAu9v6mNakUqGUI9vUrfQKz8NK41VMm/xbZbh76NUTVtIYqOMA==
    dependencies:
      "@babel/runtime" "^7.13.10"
      "@radix-ui/react-primitive" "1.0.3"
  
  "@radix-ui/rect@1.0.1":
    version "1.0.1"
    resolved "https://registry.yarnpkg.com/@radix-ui/rect/-/rect-1.0.1.tgz#bf8e7d947671996da2e30f4904ece343bc4a883f"
    integrity sha512-fyrgCaedtvMg9NK3en0pnOYJdtfwxUcNolezkNPUsoX57X8oQk+NkqcvzHXD2uKNij6GXmWU9NDru2IWjrO4BQ==
    dependencies:
      "@babel/runtime" "^7.13.10"
  
  "@rails/actioncable@^7.0":
    version "7.1.3"
    resolved "https://registry.yarnpkg.com/@rails/actioncable/-/actioncable-7.1.3.tgz#4db480347775aeecd4dde2405659eef74a458881"
    integrity sha512-ojNvnoZtPN0pYvVFtlO7dyEN9Oml1B6IDM+whGKVak69MMYW99lC2NOWXWeE3bmwEydbP/nn6ERcpfjHVjYQjA==
  
  "@tldraw/editor@2.1.4":
    version "2.1.4"
    resolved "https://registry.yarnpkg.com/@tldraw/editor/-/editor-2.1.4.tgz#084a2270aed85f9eeae8d770cc9dc3d4a5ea9d6d"
    integrity sha512-zeifkXS//2X/oonr2YYIIrRt6PRwri6c60sPzx0djhNK5LC9b0um8Lu1lLcIZip468WEeBYpcc9cPui1OXi7qQ==
    dependencies:
      "@tldraw/state" "2.1.4"
      "@tldraw/store" "2.1.4"
      "@tldraw/tlschema" "2.1.4"
      "@tldraw/utils" "2.1.4"
      "@tldraw/validate" "2.1.4"
      "@types/core-js" "^2.5.5"
      "@use-gesture/react" "^10.2.27"
      classnames "^2.3.2"
      core-js "^3.31.1"
      eventemitter3 "^4.0.7"
      idb "^7.1.1"
      is-plain-object "^5.0.0"
      lodash.throttle "^4.1.1"
      lodash.uniq "^4.5.0"
      nanoid "4.0.2"
  
  "@tldraw/state@2.1.4":
    version "2.1.4"
    resolved "https://registry.yarnpkg.com/@tldraw/state/-/state-2.1.4.tgz#a16495e0b4dfcc2a51ccd3f0dbc30cc067e46b5b"
    integrity sha512-eLgeIz76hobnOhvBobeo3iYhEpsNVH7ozUYyH4VIYFfNy9TuRi7klAJ55bA86iCNAnBIgqhXvsCn5VDlVu9rTA==
  
  "@tldraw/store@2.1.4":
    version "2.1.4"
    resolved "https://registry.yarnpkg.com/@tldraw/store/-/store-2.1.4.tgz#8f65c7ef45de55e8d7a11897495bb1a0610d6c83"
    integrity sha512-g9jYNObGVgd4TXKDCSLm4Hs0xKYPVQVq6hSGL6zY26EYvpa7RV1JQ6vc+gO3da/NtaYsLBJ0UoXpb61e/hyumQ==
    dependencies:
      "@tldraw/state" "2.1.4"
      "@tldraw/utils" "2.1.4"
      lodash.isequal "^4.5.0"
      nanoid "4.0.2"
  
  "@tldraw/tlschema@2.1.4":
    version "2.1.4"
    resolved "https://registry.yarnpkg.com/@tldraw/tlschema/-/tlschema-2.1.4.tgz#8907aab828b3f905f31d4e4065d5431f20c7611d"
    integrity sha512-IRb7AJmsvMFQl2G+BXB3eWdWX053KwLryHq+UI4FmJ/Xl0M6td9b3XZcv33UpwRrhsZISM97xRKCuglLuKu9nA==
    dependencies:
      "@tldraw/state" "2.1.4"
      "@tldraw/store" "2.1.4"
      "@tldraw/utils" "2.1.4"
      "@tldraw/validate" "2.1.4"
      nanoid "4.0.2"
  
  "@tldraw/utils@2.1.4":
    version "2.1.4"
    resolved "https://registry.yarnpkg.com/@tldraw/utils/-/utils-2.1.4.tgz#0d67015e2e2643aa2a4c0a14d7e3e4e8f460bc78"
    integrity sha512-C1py+hHpLdqTLWraua4f4U1FRonQtwzTJozeOpKZbmBaYT5x6I6WtNKBZpAIY752HCbj0CnoMDf7oY8Mf1TkpA==
  
  "@tldraw/validate@2.1.4":
    version "2.1.4"
    resolved "https://registry.yarnpkg.com/@tldraw/validate/-/validate-2.1.4.tgz#20825698d695c5fd7de7ad9a0f497a853b7f9f00"
    integrity sha512-m1GUyCzaInw1USaMVaIPSnYbEbPPusNcpi91ql05DCDUnHO28XI+C7LNBQ+kWk2Z7LNtvrtCwD3N80xaSEPIzg==
    dependencies:
      "@tldraw/utils" "2.1.4"
  
  "@types/core-js@^2.5.5":
    version "2.5.8"
    resolved "https://registry.yarnpkg.com/@types/core-js/-/core-js-2.5.8.tgz#d5c6ec44f2f3328653dce385ae586bd8261f8e85"
    integrity sha512-VgnAj6tIAhJhZdJ8/IpxdatM8G4OD3VWGlp6xIxUGENZlpbob9Ty4VVdC1FIEp0aK6DBscDDjyzy5FB60TuNqg==
  
  "@use-gesture/core@10.3.1":
    version "10.3.1"
    resolved "https://registry.yarnpkg.com/@use-gesture/core/-/core-10.3.1.tgz#976c9421e905f0079d49822cfd5c2e56b808fc56"
    integrity sha512-WcINiDt8WjqBdUXye25anHiNxPc0VOrlT8F6LLkU6cycrOGUDyY/yyFmsg3k8i5OLvv25llc0QC45GhR/C8llw==
  
  "@use-gesture/react@^10.2.27":
    version "10.3.1"
    resolved "https://registry.yarnpkg.com/@use-gesture/react/-/react-10.3.1.tgz#17a743a894d9bd9a0d1980c618f37f0164469867"
    integrity sha512-Yy19y6O2GJq8f7CHf7L0nxL8bf4PZCPaVOCgJrusOeFHY1LvHgYXnmnXg6N5iwAnbgbZCDjo60SiM6IPJi9C5g==
    dependencies:
      "@use-gesture/core" "10.3.1"
  
  aria-hidden@^1.1.1:
    version "1.2.4"
    resolved "https://registry.yarnpkg.com/aria-hidden/-/aria-hidden-1.2.4.tgz#b78e383fdbc04d05762c78b4a25a501e736c4522"
    integrity sha512-y+CcFFwelSXpLZk/7fMB2mUbGtX9lKycf1MWJ7CaTIERyitVlyQx6C+sxcROU2BAJ24OiZyK+8wj2i8AlBoS3A==
    dependencies:
      tslib "^2.0.0"
  
  canvas-size@^1.2.6:
    version "1.2.6"
    resolved "https://registry.yarnpkg.com/canvas-size/-/canvas-size-1.2.6.tgz#1eaa6b56167cf2a70fa4021680829d2073b45706"
    integrity sha512-x2iVHOrZ5x9V0Hwx6kBz+Yxf/VCAII+jrD6WLjJbytJLozHq/oDJjEva432Os0eHxWMFR0vYlLJwTr6QxyxQqw==
  
  classnames@^2.3.2:
    version "2.5.1"
    resolved "https://registry.yarnpkg.com/classnames/-/classnames-2.5.1.tgz#ba774c614be0f016da105c858e7159eae8e7687b"
    integrity sha512-saHYOzhIQs6wy2sVxTM6bUDsQO4F50V9RQ22qBpEdCW+I+/Wmke2HOl6lS6dTpdxVhb88/I6+Hs+438c3lfUow==
  
  core-js@^3.31.1:
    version "3.37.0"
    resolved "https://registry.yarnpkg.com/core-js/-/core-js-3.37.0.tgz#d8dde58e91d156b2547c19d8a4efd5c7f6c426bb"
    integrity sha512-fu5vHevQ8ZG4og+LXug8ulUtVxjOcEYvifJr7L5Bfq9GOztVqsKd9/59hUk2ZSbCrS3BqUr3EpaYGIYzq7g3Ug==
  
  detect-node-es@^1.1.0:
    version "1.1.0"
    resolved "https://registry.yarnpkg.com/detect-node-es/-/detect-node-es-1.1.0.tgz#163acdf643330caa0b4cd7c21e7ee7755d6fa493"
    integrity sha512-ypdmJU/TbBby2Dxibuv7ZLW3Bs1QEmM7nHjEANfohJLvE0XVujisn1qPJcZxg+qDucsr+bP6fLD1rPS3AhJ7EQ==
  
  esbuild@^0.21.1:
    version "0.21.1"
    resolved "https://registry.yarnpkg.com/esbuild/-/esbuild-0.21.1.tgz#3d6f199f6ec849158278c6632f438463bab88c38"
    integrity sha512-GPqx+FX7mdqulCeQ4TsGZQ3djBJkx5k7zBGtqt9ycVlWNg8llJ4RO9n2vciu8BN2zAEs6lPbPl0asZsAh7oWzg==
    optionalDependencies:
      "@esbuild/aix-ppc64" "0.21.1"
      "@esbuild/android-arm" "0.21.1"
      "@esbuild/android-arm64" "0.21.1"
      "@esbuild/android-x64" "0.21.1"
      "@esbuild/darwin-arm64" "0.21.1"
      "@esbuild/darwin-x64" "0.21.1"
      "@esbuild/freebsd-arm64" "0.21.1"
      "@esbuild/freebsd-x64" "0.21.1"
      "@esbuild/linux-arm" "0.21.1"
      "@esbuild/linux-arm64" "0.21.1"
      "@esbuild/linux-ia32" "0.21.1"
      "@esbuild/linux-loong64" "0.21.1"
      "@esbuild/linux-mips64el" "0.21.1"
      "@esbuild/linux-ppc64" "0.21.1"
      "@esbuild/linux-riscv64" "0.21.1"
      "@esbuild/linux-s390x" "0.21.1"
      "@esbuild/linux-x64" "0.21.1"
      "@esbuild/netbsd-x64" "0.21.1"
      "@esbuild/openbsd-x64" "0.21.1"
      "@esbuild/sunos-x64" "0.21.1"
      "@esbuild/win32-arm64" "0.21.1"
      "@esbuild/win32-ia32" "0.21.1"
      "@esbuild/win32-x64" "0.21.1"
  
  eventemitter3@^4.0.7:
    version "4.0.7"
    resolved "https://registry.yarnpkg.com/eventemitter3/-/eventemitter3-4.0.7.tgz#2de9b68f6528d5644ef5c59526a1b4a07306169f"
    integrity sha512-8guHBZCwKnFhYdHr2ysuRWErTwhoN2X8XELRlrRwpmfeY2jjuUN4taQMsULKUVo1K4DvZl+0pgfyoysHxvmvEw==
  
  get-nonce@^1.0.0:
    version "1.0.1"
    resolved "https://registry.yarnpkg.com/get-nonce/-/get-nonce-1.0.1.tgz#fdf3f0278073820d2ce9426c18f07481b1e0cdf3"
    integrity sha512-FJhYRoDaiatfEkUK8HKlicmu/3SGFD51q3itKDGoSTysQJBnfOcxU5GxnhE1E6soB76MbT0MBtnKJuXyAx+96Q==
  
  hotkeys-js@^3.11.2:
    version "3.13.7"
    resolved "https://registry.yarnpkg.com/hotkeys-js/-/hotkeys-js-3.13.7.tgz#0188d8e2fca16a3f1d66541b48de0bb9df613726"
    integrity sha512-ygFIdTqqwG4fFP7kkiYlvayZppeIQX2aPpirsngkv1xM1lP0piDY5QEh68nQnIKvz64hfocxhBaD/uK3sSK1yQ==
  
  husky@^9.0.11:
    version "9.0.11"
    resolved "https://registry.yarnpkg.com/husky/-/husky-9.0.11.tgz#fc91df4c756050de41b3e478b2158b87c1e79af9"
    integrity sha512-AB6lFlbwwyIqMdHYhwPe+kjOC3Oc5P3nThEoW/AaO2BX3vJDjWPFxYLxokUZOo6RNX20He3AaT8sESs9NJcmEw==
  
  idb@^7.1.1:
    version "7.1.1"
    resolved "https://registry.yarnpkg.com/idb/-/idb-7.1.1.tgz#d910ded866d32c7ced9befc5bfdf36f572ced72b"
    integrity sha512-gchesWBzyvGHRO9W8tzUWFDycow5gwjvFKfyV9FF32Y7F50yZMp7mP+T2mJIWFx49zicqyC4uefHM17o6xKIVQ==
  
  invariant@^2.2.4:
    version "2.2.4"
    resolved "https://registry.yarnpkg.com/invariant/-/invariant-2.2.4.tgz#610f3c92c9359ce1db616e538008d23ff35158e6"
    integrity sha512-phJfQVBuaJM5raOpJjSfkiD6BpbCE4Ns//LaXl6wGYtUBY83nWS6Rf9tXm2e8VaK60JEjYldbPif/A2B1C2gNA==
    dependencies:
      loose-envify "^1.0.0"
  
  is-plain-object@^5.0.0:
    version "5.0.0"
    resolved "https://registry.yarnpkg.com/is-plain-object/-/is-plain-object-5.0.0.tgz#4427f50ab3429e9025ea7d52e9043a9ef4159344"
    integrity sha512-VRSzKkbMm5jMDoKLbltAkFQ5Qr7VDiTFGXxYFXXowVj387GeGNOCsOH6Msy00SGZ3Fp84b1Naa1psqgcCIEP5Q==
  
  "js-tokens@^3.0.0 || ^4.0.0":
    version "4.0.0"
    resolved "https://registry.yarnpkg.com/js-tokens/-/js-tokens-4.0.0.tgz#19203fb59991df98e3a287050d4647cdeaf32499"
    integrity sha512-RdJUflcE3cUzKiMqQgsCu06FPu9UdIJO0beYbPhHN4k6apgJtifcoCtT9bcxOpYBtpD2kCM6Sbzg4CausW/PKQ==
  
  lazy@^1.0.11:
    version "1.0.11"
    resolved "https://registry.yarnpkg.com/lazy/-/lazy-1.0.11.tgz#daa068206282542c088288e975c297c1ae77b690"
    integrity sha512-Y+CjUfLmIpoUCCRl0ub4smrYtGGr5AOa2AKOaWelGHOGz33X/Y/KizefGqbkwfz44+cnq/+9habclf8vOmu2LA==
  
  lodash.isequal@^4.5.0:
    version "4.5.0"
    resolved "https://registry.yarnpkg.com/lodash.isequal/-/lodash.isequal-4.5.0.tgz#415c4478f2bcc30120c22ce10ed3226f7d3e18e0"
    integrity sha512-pDo3lu8Jhfjqls6GkMgpahsF9kCyayhgykjyLMNFTKWrpVdAQtYyB4muAMWozBB4ig/dtWAmsMxLEI8wuz+DYQ==
  
  lodash.throttle@^4.1.1:
    version "4.1.1"
    resolved "https://registry.yarnpkg.com/lodash.throttle/-/lodash.throttle-4.1.1.tgz#c23e91b710242ac70c37f1e1cda9274cc39bf2f4"
    integrity sha512-wIkUCfVKpVsWo3JSZlc+8MB5it+2AN5W8J7YVMST30UrvcQNZ1Okbj+rbVniijTWE6FGYy4XJq/rHkas8qJMLQ==
  
  lodash.uniq@^4.5.0:
    version "4.5.0"
    resolved "https://registry.yarnpkg.com/lodash.uniq/-/lodash.uniq-4.5.0.tgz#d0225373aeb652adc1bc82e4945339a842754773"
    integrity sha512-xfBaXQd9ryd9dlSDvnvI0lvxfLJlYAZzXomUYzLKtUeOQvOP5piqAWuGtrhWeqaXK9hhoM/iyJc5AV+XfsX3HQ==
  
  loose-envify@^1.0.0, loose-envify@^1.1.0:
    version "1.4.0"
    resolved "https://registry.yarnpkg.com/loose-envify/-/loose-envify-1.4.0.tgz#71ee51fa7be4caec1a63839f7e682d8132d30caf"
    integrity sha512-lyuxPGr/Wfhrlem2CL/UcnUc1zcqKAImBDzukY7Y5F/yQiNdko6+fRLevlw1HgMySw7f611UIY408EtxRSoK3Q==
    dependencies:
      js-tokens "^3.0.0 || ^4.0.0"
  
  lz-string@^1.4.4:
    version "1.5.0"
    resolved "https://registry.yarnpkg.com/lz-string/-/lz-string-1.5.0.tgz#c1ab50f77887b712621201ba9fd4e3a6ed099941"
    integrity sha512-h5bgJWpxJNswbU7qCrV0tIKQCaS3blPDrqKWx+QxzuzL1zGUzij9XCWLrSLsJPu5t+eWA/ycetzYAO5IOMcWAQ==
  
  nanoid@4.0.2:
    version "4.0.2"
    resolved "https://registry.yarnpkg.com/nanoid/-/nanoid-4.0.2.tgz#140b3c5003959adbebf521c170f282c5e7f9fb9e"
    integrity sha512-7ZtY5KTCNheRGfEFxnedV5zFiORN1+Y1N6zvPTnHQd8ENUvfaDBeuJDZb2bN/oXwXxu3qkTXDzy57W5vAmDTBw==
  
  prettier@^3.2.5:
    version "3.2.5"
    resolved "https://registry.yarnpkg.com/prettier/-/prettier-3.2.5.tgz#e52bc3090586e824964a8813b09aba6233b28368"
    integrity sha512-3/GWa9aOC0YeD7LUfvOG2NiDyhOWRvt1k+rcKhOuYnMY24iiCphgneUfJDyFXd6rZCAnuLBv6UeAULtrhT/F4A==
  
  react-dom@^18.3.1:
    version "18.3.1"
    resolved "https://registry.yarnpkg.com/react-dom/-/react-dom-18.3.1.tgz#c2265d79511b57d479b3dd3fdfa51536494c5cb4"
    integrity sha512-5m4nQKp+rZRb09LNH59GM4BxTh9251/ylbKIbpe7TpGxfJ+9kv6BLkLBXIjjspbgbnIBNqlI23tRnTWT0snUIw==
    dependencies:
      loose-envify "^1.1.0"
      scheduler "^0.23.2"
  
  react-remove-scroll-bar@^2.3.3:
    version "2.3.6"
    resolved "https://registry.yarnpkg.com/react-remove-scroll-bar/-/react-remove-scroll-bar-2.3.6.tgz#3e585e9d163be84a010180b18721e851ac81a29c"
    integrity sha512-DtSYaao4mBmX+HDo5YWYdBWQwYIQQshUV/dVxFxK+KM26Wjwp1gZ6rv6OC3oujI6Bfu6Xyg3TwK533AQutsn/g==
    dependencies:
      react-style-singleton "^2.2.1"
      tslib "^2.0.0"
  
  react-remove-scroll@2.5.5:
    version "2.5.5"
    resolved "https://registry.yarnpkg.com/react-remove-scroll/-/react-remove-scroll-2.5.5.tgz#1e31a1260df08887a8a0e46d09271b52b3a37e77"
    integrity sha512-ImKhrzJJsyXJfBZ4bzu8Bwpka14c/fQt0k+cyFp/PBhTfyDnU5hjOtM4AG/0AMyy8oKzOTR0lDgJIM7pYXI0kw==
    dependencies:
      react-remove-scroll-bar "^2.3.3"
      react-style-singleton "^2.2.1"
      tslib "^2.1.0"
      use-callback-ref "^1.3.0"
      use-sidecar "^1.1.2"
  
  react-style-singleton@^2.2.1:
    version "2.2.1"
    resolved "https://registry.yarnpkg.com/react-style-singleton/-/react-style-singleton-2.2.1.tgz#f99e420492b2d8f34d38308ff660b60d0b1205b4"
    integrity sha512-ZWj0fHEMyWkHzKYUr2Bs/4zU6XLmq9HsgBURm7g5pAVfyn49DgUiNgY2d4lXRlYSiCif9YBGpQleewkcqddc7g==
    dependencies:
      get-nonce "^1.0.0"
      invariant "^2.2.4"
      tslib "^2.0.0"
  
  react@^18.3.1:
    version "18.3.1"
    resolved "https://registry.yarnpkg.com/react/-/react-18.3.1.tgz#49ab892009c53933625bd16b2533fc754cab2891"
    integrity sha512-wS+hAgJShR0KhEvPJArfuPVN1+Hz1t0Y6n5jLrGQbkb4urgPE/0Rve+1kMB1v/oWgHgm4WIcV+i7F2pTVj+2iQ==
    dependencies:
      loose-envify "^1.1.0"
  
  regenerator-runtime@^0.14.0:
    version "0.14.1"
    resolved "https://registry.yarnpkg.com/regenerator-runtime/-/regenerator-runtime-0.14.1.tgz#356ade10263f685dda125100cd862c1db895327f"
    integrity sha512-dYnhHh0nJoMfnkZs6GmmhFknAGRrLznOu5nc9ML+EJxGvrx6H7teuevqVqCuPcPK//3eDrrjQhehXVx9cnkGdw==
  
  scheduler@^0.23.2:
    version "0.23.2"
    resolved "https://registry.yarnpkg.com/scheduler/-/scheduler-0.23.2.tgz#414ba64a3b282892e944cf2108ecc078d115cdc3"
    integrity sha512-UOShsPwz7NrMUqhR6t0hWjFduvOzbtv7toDH1/hIrfRNIDBnnBWd0CwJTGvTpngVlmwGCdP9/Zl/tVrDqcuYzQ==
    dependencies:
      loose-envify "^1.1.0"
  
  signia-react@^0.1.5:
    version "0.1.5"
    resolved "https://registry.yarnpkg.com/signia-react/-/signia-react-0.1.5.tgz#49165282373bef989485cfb59dbe7367a6a5be63"
    integrity sha512-DhHOEJNHIFq0sd4mFpMQx6U0vSb6MGrCS+iVdl1jM2Ts9iNyPc6zaWG/ko+ARS4L2cdHFpNH2l5YqoBNLwMyCw==
    dependencies:
      signia "0.1.5"
  
  signia@0.1.5, signia@^0.1.5:
    version "0.1.5"
    resolved "https://registry.yarnpkg.com/signia/-/signia-0.1.5.tgz#a48863cb0cf44463fe56a1070379a065ae658b45"
    integrity sha512-ViJpywl7H1W6zRfqbu+86xpSCcuq6tpOen7I+gR8axaiyZP8txRNAoeCsL20UkuqzG/Ybtk0u4C2lawkiwPlnw==
  
  tldraw@^2.1.4:
    version "2.1.4"
    resolved "https://registry.yarnpkg.com/tldraw/-/tldraw-2.1.4.tgz#a237eca5dde62d2b2ab176942e16994cd7cf3ac7"
    integrity sha512-ApmZW7HcP4w2ixJyvGkE3ZJyQ7gu8Fgc6qTiGVbu7zyOBo+0bABahOTf1dMY5xM+BLIwyWf+znlazAmtqKMb3Q==
    dependencies:
      "@radix-ui/react-alert-dialog" "^1.0.5"
      "@radix-ui/react-context-menu" "^2.1.5"
      "@radix-ui/react-dialog" "^1.0.5"
      "@radix-ui/react-dropdown-menu" "^2.0.6"
      "@radix-ui/react-popover" "^1.0.7"
      "@radix-ui/react-select" "^1.2.0"
      "@radix-ui/react-slider" "^1.1.0"
      "@radix-ui/react-toast" "^1.1.1"
      "@tldraw/editor" "2.1.4"
      "@tldraw/store" "2.1.4"
      canvas-size "^1.2.6"
      classnames "^2.3.2"
      hotkeys-js "^3.11.2"
      lz-string "^1.4.4"
  
  tslib@^2.0.0, tslib@^2.1.0:
    version "2.6.2"
    resolved "https://registry.yarnpkg.com/tslib/-/tslib-2.6.2.tgz#703ac29425e7b37cd6fd456e92404d46d1f3e4ae"
    integrity sha512-AEYxH93jGFPn/a2iVAwW87VuUIkR1FVUKB77NwMF7nBTDkDrrT/Hpt/IrCJ0QXhW27jTBDcf5ZY7w6RiqTMw2Q==
  
  use-callback-ref@^1.3.0:
    version "1.3.2"
    resolved "https://registry.yarnpkg.com/use-callback-ref/-/use-callback-ref-1.3.2.tgz#6134c7f6ff76e2be0b56c809b17a650c942b1693"
    integrity sha512-elOQwe6Q8gqZgDA8mrh44qRTQqpIHDcZ3hXTLjBe1i4ph8XpNJnO+aQf3NaG+lriLopI4HMx9VjQLfPQ6vhnoA==
    dependencies:
      tslib "^2.0.0"
  
  use-sidecar@^1.1.2:
    version "1.1.2"
    resolved "https://registry.yarnpkg.com/use-sidecar/-/use-sidecar-1.1.2.tgz#2f43126ba2d7d7e117aa5855e5d8f0276dfe73c2"
    integrity sha512-epTbsLuzZ7lPClpz2TyryBfztm7m+28DlEv2ZCQ3MDr5ssiwyOwGH/e5F9CkfWjJ1t4clvI58yF822/GUkjjhw==
    dependencies:
      detect-node-es "^1.1.0"
      tslib "^2.0.0"
  
  yarn@^1.22.22:
    version "1.22.22"
    resolved "https://registry.yarnpkg.com/yarn/-/yarn-1.22.22.tgz#ac34549e6aa8e7ead463a7407e1c7390f61a6610"
    integrity sha512-prL3kGtyG7o9Z9Sv8IPfBNrWTDmXB4Qbes8A9rEzt6wkJV8mUvoirjU0Mp3GGAU06Y0XQyA3/2/RQFVuK7MTfg==
